<?xml version="1.0" encoding="UTF-8"?>
<testsuite name="labs.khobfa.union_find.QuickFindTest" tests="1" skipped="0" failures="0" errors="0" timestamp="2020-09-23T09:02:26" hostname="admin" time="0.016">
  <properties/>
  <testcase name="givenUnionFind_ensureConnectivity" classname="labs.khobfa.union_find.QuickFindTest" time="0.016"/>
  <system-out><![CDATA[0 id >>>> 0
7 id >>>> 7
]]></system-out>
  <system-err><![CDATA[]]></system-err>
</testsuite>
