<?xml version="1.0" encoding="UTF-8"?>
<testsuite name="labs.khobfa.connected.KosarajuSharirSCCTest" tests="1" skipped="0" failures="0" errors="0" timestamp="2020-09-24T07:14:01" hostname="admin" time="0.015">
  <properties/>
  <testcase name="testComponentSCC" classname="labs.khobfa.connected.KosarajuSharirSCCTest" time="0.015"/>
  <system-out><![CDATA[]]></system-out>
  <system-err><![CDATA[]]></system-err>
</testsuite>
