<?xml version="1.0" encoding="UTF-8"?>
<testsuite name="labs.khobfa.HamcrestSamples" tests="1" skipped="0" failures="0" errors="0" timestamp="2020-09-19T19:33:49" hostname="admin" time="0.009">
  <properties/>
  <testcase name="listSampleAssertions" classname="labs.khobfa.HamcrestSamples" time="0.009"/>
  <system-out><![CDATA[]]></system-out>
  <system-err><![CDATA[]]></system-err>
</testsuite>
