<?xml version="1.0" encoding="UTF-8"?>
<testsuite name="labs.khobfa.BreadthFirstSearchTest" tests="1" skipped="0" failures="0" errors="0" timestamp="2020-09-18T06:16:32" hostname="admin" time="0.009">
  <properties/>
  <testcase name="getLevelTraversal_returnCollectOrder" classname="labs.khobfa.BreadthFirstSearchTest" time="0.009"/>
  <system-out><![CDATA[]]></system-out>
  <system-err><![CDATA[]]></system-err>
</testsuite>
