<?xml version="1.0" encoding="UTF-8"?>
<testsuite name="labs.khobfa.leetcode.GraphValidTreeTest" tests="3" skipped="0" failures="0" errors="0" timestamp="2020-09-26T20:21:50" hostname="admin" time="0.016">
  <properties/>
  <testcase name="givenConnectedGraph_withoutCycle_returnTrue" classname="labs.khobfa.leetcode.GraphValidTreeTest" time="0.008"/>
  <testcase name="givenConnectedGraph_withCycle_returnFalse" classname="labs.khobfa.leetcode.GraphValidTreeTest" time="0.0"/>
  <testcase name="givenUnConnectedGraph_withoutCycle_returnFalse" classname="labs.khobfa.leetcode.GraphValidTreeTest" time="0.003"/>
  <system-out><![CDATA[]]></system-out>
  <system-err><![CDATA[]]></system-err>
</testsuite>
