<?xml version="1.0" encoding="UTF-8"?>
<testsuite name="labs.khobfa.leetcode.GraphValidTreeTest" tests="1" skipped="0" failures="0" errors="0" timestamp="2020-09-26T20:28:44" hostname="admin" time="0.004">
  <properties/>
  <testcase name="givenGraph_withLessEdges_thanNodesMinusOne_returnFalse" classname="labs.khobfa.leetcode.GraphValidTreeTest" time="0.004"/>
  <system-out><![CDATA[]]></system-out>
  <system-err><![CDATA[]]></system-err>
</testsuite>
