<?xml version="1.0" encoding="UTF-8"?>
<testsuite name="labs.khobfa.hacker_rank.CitiesAndLibrariesTest" tests="1" skipped="0" failures="0" errors="0" timestamp="2020-09-26T13:24:36" hostname="admin" time="0.005">
  <properties/>
  <testcase name="givenLibraryCost_greaterThanRoads_returnLibraryAndRoadCostOnAllCities" classname="labs.khobfa.hacker_rank.CitiesAndLibrariesTest" time="0.005"/>
  <system-out><![CDATA[]]></system-out>
  <system-err><![CDATA[]]></system-err>
</testsuite>
