<?xml version="1.0" encoding="UTF-8"?>
<testsuite name="labs.khobfa.search.DepthFirstSearchTest" tests="1" skipped="0" failures="0" errors="0" timestamp="2020-10-03T15:03:41" hostname="admin" time="0.011">
  <properties/>
  <testcase name="getDfs_showCorrectOrder" classname="labs.khobfa.search.DepthFirstSearchTest" time="0.011"/>
  <system-out><![CDATA[]]></system-out>
  <system-err><![CDATA[]]></system-err>
</testsuite>
